<?xml version="1.0" encoding="UTF-8"?>
<robot generator="Robot 7.3.2 (Python 3.13.3 on win32)" generated="2025-08-21T09:54:36.487587" rpa="true" schemaversion="5">
<suite id="s1" name="Exemplo Variaveis" source="F:\CURSO FEST -T2M\IQS\exemplo_variaveis.robot">
<test id="s1-t1" name="Greet user" line="12">
<kw name="Log To Console" owner="BuiltIn">
<arg>\nBom dia ${USERNAME}! \n${AGE} \n${GREETING} \n${CURSO} \n${CITY} \n${DATE}</arg>
<doc>Logs the given message to the console.</doc>
<status status="PASS" start="2025-08-21T09:54:36.511678" elapsed="0.000363"/>
</kw>
<status status="PASS" start="2025-08-21T09:54:36.511171" elapsed="0.001021"/>
</test>
<status status="PASS" start="2025-08-21T09:54:36.488751" elapsed="0.023834"/>
</suite>
<statistics>
<total>
<stat pass="1" fail="0" skip="0">All Tasks</stat>
</total>
<tag>
</tag>
<suite>
<stat name="Exemplo Variaveis" id="s1" pass="1" fail="0" skip="0">Exemplo Variaveis</stat>
</suite>
</statistics>
<errors>
</errors>
</robot>
