<?xml version="1.0" encoding="UTF-8"?>
<robot generator="Robot 7.3.2 (Python 3.13.7 on win32)" generated="2025-09-15T17:31:23.244655" rpa="false" schemaversion="5">
<suite id="s1" name="Estrutura2" source="F:\CURSO FEST -T2M\IQS\iqs\Tutorial Robot\estrutura2.robot">
<test id="s1-t1" name="Cenario 1: Teste para abrir o site da nike" line="25">
<kw name="abrir site da nike">
<kw name="Open Browser" owner="SeleniumLibrary">
<msg time="2025-09-15T17:31:23.515136" level="INFO">Opening browser 'chrome' to base url 'https://www.nike.com/'.</msg>
<arg>https://www.nike.com/</arg>
<arg>chrome</arg>
<doc>Opens a new browser instance to the optional ``url``.</doc>
<status status="PASS" start="2025-09-15T17:31:23.514981" elapsed="3.413219"/>
</kw>
<status status="PASS" start="2025-09-15T17:31:23.514430" elapsed="3.413916"/>
</kw>
<kw name="fechar navegador">
<kw name="Sleep" owner="BuiltIn">
<msg time="2025-09-15T17:31:31.930191" level="INFO">Slept 5 seconds.</msg>
<arg>5s</arg>
<doc>Pauses the test executed for the given time.</doc>
<status status="PASS" start="2025-09-15T17:31:26.928997" elapsed="5.001358"/>
</kw>
<kw name="Close Browser" owner="SeleniumLibrary">
<doc>Closes the current browser.</doc>
<status status="PASS" start="2025-09-15T17:31:31.930542" elapsed="2.129841"/>
</kw>
<status status="PASS" start="2025-09-15T17:31:26.928679" elapsed="7.131867"/>
</kw>
<status status="PASS" start="2025-09-15T17:31:23.513815" elapsed="10.547036"/>
</test>
<test id="s1-t2" name="Cenario 2: Teste para abrir o site da globo" line="29">
<kw name="abrir site da globo">
<kw name="Open Browser" owner="SeleniumLibrary">
<msg time="2025-09-15T17:31:34.062452" level="INFO">Opening browser 'chrome' to base url 'https://www.globo.com/'.</msg>
<arg>https://www.globo.com/</arg>
<arg>chrome</arg>
<doc>Opens a new browser instance to the optional ``url``.</doc>
<status status="PASS" start="2025-09-15T17:31:34.062289" elapsed="3.886534"/>
</kw>
<status status="PASS" start="2025-09-15T17:31:34.062017" elapsed="3.886919"/>
</kw>
<kw name="fechar navegador">
<kw name="Sleep" owner="BuiltIn">
<msg time="2025-09-15T17:31:42.950119" level="INFO">Slept 5 seconds.</msg>
<arg>5s</arg>
<doc>Pauses the test executed for the given time.</doc>
<status status="PASS" start="2025-09-15T17:31:37.949506" elapsed="5.000728"/>
</kw>
<kw name="Close Browser" owner="SeleniumLibrary">
<doc>Closes the current browser.</doc>
<status status="PASS" start="2025-09-15T17:31:42.950398" elapsed="2.137814"/>
</kw>
<status status="PASS" start="2025-09-15T17:31:37.949232" elapsed="7.139289"/>
</kw>
<status status="PASS" start="2025-09-15T17:31:34.061613" elapsed="11.027357"/>
</test>
<status status="PASS" start="2025-09-15T17:31:23.246050" elapsed="21.843779"/>
</suite>
<statistics>
<total>
<stat pass="2" fail="0" skip="0">All Tests</stat>
</total>
<tag>
</tag>
<suite>
<stat name="Estrutura2" id="s1" pass="2" fail="0" skip="0">Estrutura2</stat>
</suite>
</statistics>
<errors>
</errors>
</robot>
