<?xml version="1.0" encoding="UTF-8"?>
<robot generator="Robot 7.3.2 (Python 3.13.7 on win32)" generated="2025-09-12T16:09:03.588716" rpa="false" schemaversion="5">
<suite id="s1" name="IQS" source="F:\CURSO FEST -T2M\IQS">
<suite id="s1-s1" name="Iqs" source="F:\CURSO FEST -T2M\IQS\iqs">
<suite id="s1-s1-s1" name="Tutorial Robot" source="F:\CURSO FEST -T2M\IQS\iqs\Tutorial Robot">
<suite id="s1-s1-s1-s1" name="Estrutura" source="F:\CURSO FEST -T2M\IQS\iqs\Tutorial Robot\estrutura.robot">
<test id="s1-s1-s1-s1-t1" name="Cenario 1: Teste para abrir navegador no site da globo" line="20">
<kw name="Open Browser" owner="SeleniumLibrary">
<msg time="2025-09-12T16:09:03.810233" level="INFO">Opening browser 'chrome' to base url 'https://www.globo.com/'.</msg>
<arg>https://www.globo.com/</arg>
<arg>chrome</arg>
<doc>Opens a new browser instance to the optional ``url``.</doc>
<status status="PASS" start="2025-09-12T16:09:03.809931" elapsed="3.574457"/>
</kw>
<kw name="Sleep" owner="BuiltIn">
<msg time="2025-09-12T16:09:22.385452" level="INFO">Slept 15 seconds.</msg>
<arg>15s</arg>
<doc>Pauses the test executed for the given time.</doc>
<status status="PASS" start="2025-09-12T16:09:07.384893" elapsed="15.000907"/>
</kw>
<kw name="Close Browser" owner="SeleniumLibrary">
<doc>Closes the current browser.</doc>
<status status="PASS" start="2025-09-12T16:09:22.386116" elapsed="2.156620"/>
</kw>
<status status="PASS" start="2025-09-12T16:09:03.807666" elapsed="20.735431"/>
</test>
<test id="s1-s1-s1-s1-t2" name="Cenario 2: Teste para abrir o navegador no site da g1" line="25">
<kw name="Open Browser" owner="SeleniumLibrary">
<msg time="2025-09-12T16:09:24.547899" level="INFO">Opening browser 'chrome' to base url 'https://g1.globo.com/'.</msg>
<arg>https://g1.globo.com/</arg>
<arg>chrome</arg>
<doc>Opens a new browser instance to the optional ``url``.</doc>
<status status="PASS" start="2025-09-12T16:09:24.547665" elapsed="3.104870"/>
</kw>
<kw name="Sleep" owner="BuiltIn">
<msg time="2025-09-12T16:09:42.653540" level="INFO">Slept 15 seconds.</msg>
<arg>15s</arg>
<doc>Pauses the test executed for the given time.</doc>
<status status="PASS" start="2025-09-12T16:09:27.652993" elapsed="15.000915"/>
</kw>
<kw name="Close Browser" owner="SeleniumLibrary">
<doc>Closes the current browser.</doc>
<status status="PASS" start="2025-09-12T16:09:42.654230" elapsed="2.127340"/>
</kw>
<status status="PASS" start="2025-09-12T16:09:24.545946" elapsed="20.236000"/>
</test>
<status status="PASS" start="2025-09-12T16:09:03.627022" elapsed="41.157884"/>
</suite>
<status status="PASS" start="2025-09-12T16:09:03.624741" elapsed="41.162215"/>
</suite>
<status status="PASS" start="2025-09-12T16:09:03.621560" elapsed="41.167120"/>
</suite>
<status status="PASS" start="2025-09-12T16:09:03.592304" elapsed="41.200489"/>
</suite>
<statistics>
<total>
<stat pass="2" fail="0" skip="0">All Tests</stat>
</total>
<tag>
</tag>
<suite>
<stat name="IQS" id="s1" pass="2" fail="0" skip="0">IQS</stat>
<stat name="Iqs" id="s1-s1" pass="2" fail="0" skip="0">IQS.Iqs</stat>
<stat name="Tutorial Robot" id="s1-s1-s1" pass="2" fail="0" skip="0">IQS.Iqs.Tutorial Robot</stat>
<stat name="Estrutura" id="s1-s1-s1-s1" pass="2" fail="0" skip="0">IQS.Iqs.Tutorial Robot.Estrutura</stat>
</suite>
</statistics>
<errors>
</errors>
</robot>
